2026.04.06 10:40:36 INFO  Started: Metals version 1.6.6 in folders 'C:\Users\edvin\UAPS-Projekt' for client Visual Studio Code 1.114.0.
2026.04.06 10:40:36 INFO  Memory monitor started
2026.04.06 10:40:37 WARN  Using H2 2.4.240 which is newer than the version Flyway has been verified with. The latest verified version of H2 is 2.3.232.
2026.04.06 10:40:37 INFO  no build target found for C:\Users\edvin\UAPS-Projekt\test.java. Using fallback presentation compiler.
apr. 06, 2026 10:40:38 FM org.eclipse.lsp4j.jsonrpc.RemoteEndpoint handleCancellation
VARNING: Unmatched cancel notification for request id 5
apr. 06, 2026 10:40:38 FM org.eclipse.lsp4j.jsonrpc.RemoteEndpoint handleCancellation
VARNING: Unmatched cancel notification for request id 2
apr. 06, 2026 10:40:38 FM org.eclipse.lsp4j.jsonrpc.RemoteEndpoint handleCancellation
VARNING: Unmatched cancel notification for request id 1
2026.04.06 10:40:38 WARN  no build tool detected in workspace 'C:\Users\edvin\UAPS-Projekt'. The most common cause for this problem is that the editor was opened in the wrong working directory, for example if you use sbt then the workspace directory should contain build.sbt. 
2026.04.06 10:40:39 WARN  Build server is not auto-connectable.
2026.04.06 10:40:38 WARN  no build target for: C:\Users\edvin\UAPS-Projekt\test.java
apr. 06, 2026 10:40:39 FM org.eclipse.lsp4j.jsonrpc.services.GenericEndpoint notify
INFO: Unsupported notification method: $/setTrace
2026.04.06 10:40:40 WARN  Running javac-semanticdb failed for file:///C:/Users/edvin/UAPS-Projekt/test.java. Output:

2026.04.06 10:46:09 INFO  Started: Metals version 1.6.6 in folders '/home/gustav/Documents/kurser/utvûÊrdering_datasystem/projekt/UAPS-Projekt' for client Visual Studio Code 1.112.0.[0m
2026.04.06 10:46:09 INFO  Memory monitor started[0m
2026.04.06 10:46:16 WARN  Using H2 2.4.240 which is newer than the version Flyway has been verified with. The latest verified version of H2 is 2.3.232.[0m
2026.04.06 10:46:16 WARN  no build tool detected in workspace '/home/gustav/Documents/kurser/utvûÊrdering_datasystem/projekt/UAPS-Projekt'. The most common cause for this problem is that the editor was opened in the wrong working directory, for example if you use sbt then the workspace directory should contain build.sbt. [0m
2026.04.06 10:46:16 WARN  Build server is not auto-connectable.[0m
2026.04.06 11:11:32 INFO  no build target found for /home/gustav/Documents/kurser/utvûÊrdering_datasystem/projekt/UAPS-Projekt/Mergesort.java. Using fallback presentation compiler.[0m
2026.04.06 11:11:32 WARN  no build target for: /home/gustav/Documents/kurser/utvûÊrdering_datasystem/projekt/UAPS-Projekt/Mergesort.java[0m
2026.04.06 11:11:33 WARN  no build target for: /home/gustav/Documents/kurser/utvûÊrdering_datasystem/projekt/UAPS-Projekt/Mergesort.java[0m
2026.04.06 11:11:33 INFO  no build target found for /home/gustav/Documents/kurser/utvûÊrdering_datasystem/projekt/UAPS-Projekt/Mergesort.java. Using fallback presentation compiler.[0m
2026.04.06 11:11:33 INFO  no build target found for /home/gustav/Documents/kurser/utvûÊrdering_datasystem/projekt/UAPS-Projekt/Mergesort.java. Using fallback presentation compiler.[0m
2026.04.06 11:22:01 INFO  no build target found for /home/gustav/Documents/kurser/utvûÊrdering_datasystem/projekt/UAPS-Projekt/Mergesort.java. Using fallback presentation compiler.[0m
2026.04.06 11:22:01 WARN  no build target for: /home/gustav/Documents/kurser/utvûÊrdering_datasystem/projekt/UAPS-Projekt/Mergesort.java[0m
2026.04.06 11:22:01 INFO  no build target found for /home/gustav/Documents/kurser/utvûÊrdering_datasystem/projekt/UAPS-Projekt/Mergesort.java. Using fallback presentation compiler.[0m
2026.04.06 11:22:02 INFO  no build target found for /home/gustav/Documents/kurser/utvûÊrdering_datasystem/projekt/UAPS-Projekt/Mergesort.java. Using fallback presentation compiler.[0m
2026.04.06 11:22:02 INFO  no build target found for /home/gustav/Documents/kurser/utvûÊrdering_datasystem/projekt/UAPS-Projekt/Mergesort.java. Using fallback presentation compiler.[0m
2026.04.06 11:22:02 INFO  no build target found for /home/gustav/Documents/kurser/utvûÊrdering_datasystem/projekt/UAPS-Projekt/Mergesort.java. Using fallback presentation compiler.[0m
2026.04.06 11:22:02 INFO  no build target found for /home/gustav/Documents/kurser/utvûÊrdering_datasystem/projekt/UAPS-Projekt/Mergesort.java. Using fallback presentation compiler.[0m
2026.04.06 11:22:02 INFO  no build target found for /home/gustav/Documents/kurser/utvûÊrdering_datasystem/projekt/UAPS-Projekt/Mergesort.java. Using fallback presentation compiler.[0m
2026.04.06 11:22:03 INFO  no build target found for /home/gustav/Documents/kurser/utvûÊrdering_datasystem/projekt/UAPS-Projekt/Mergesort.java. Using fallback presentation compiler.[0m
2026.04.06 11:22:04 INFO  no build target found for /home/gustav/Documents/kurser/utvûÊrdering_datasystem/projekt/UAPS-Projekt/Mergesort.java. Using fallback presentation compiler.[0m
2026.04.06 11:22:04 WARN  no build target for: /home/gustav/Documents/kurser/utvûÊrdering_datasystem/projekt/UAPS-Projekt/Mergesort.java[0m
2026.04.06 11:22:04 INFO  no build target found for /home/gustav/Documents/kurser/utvûÊrdering_datasystem/projekt/UAPS-Projekt/Mergesort.java. Using fallback presentation compiler.[0m
2026.04.06 11:22:04 INFO  no build target found for /home/gustav/Documents/kurser/utvûÊrdering_datasystem/projekt/UAPS-Projekt/Mergesort.java. Using fallback presentation compiler.[0m
2026.04.06 11:22:05 WARN  no build target for: /home/gustav/Documents/kurser/utvûÊrdering_datasystem/projekt/UAPS-Projekt/MergeSortArrayList.java[0m
2026.04.06 11:22:05 INFO  no build target found for /home/gustav/Documents/kurser/utvûÊrdering_datasystem/projekt/UAPS-Projekt/MergeSortArrayList.java. Using fallback presentation compiler.[0m
2026.04.06 11:22:05 INFO  no build target found for /home/gustav/Documents/kurser/utvûÊrdering_datasystem/projekt/UAPS-Projekt/MergeSortArrayList.java. Using fallback presentation compiler.[0m
2026.04.06 11:22:05 INFO  no build target found for /home/gustav/Documents/kurser/utvûÊrdering_datasystem/projekt/UAPS-Projekt/MergeSortArrayList.java. Using fallback presentation compiler.[0m
2026.04.06 11:22:07 INFO  no build target found for /home/gustav/Documents/kurser/utvûÊrdering_datasystem/projekt/UAPS-Projekt/MergeSortArrayList.java. Using fallback presentation compiler.[0m
2026.04.06 11:22:12 INFO  no build target found for /home/gustav/Documents/kurser/utvûÊrdering_datasystem/projekt/UAPS-Projekt/MergeSortArrayList.java. Using fallback presentation compiler.[0m
2026.04.06 11:22:13 INFO  no build target found for /home/gustav/Documents/kurser/utvûÊrdering_datasystem/projekt/UAPS-Projekt/MergeSortArrayList.java. Using fallback presentation compiler.[0m
2026.04.06 11:23:00 INFO  no build target found for /home/gustav/Documents/kurser/utvûÊrdering_datasystem/projekt/UAPS-Projekt/MergeSortArrayList.java. Using fallback presentation compiler.[0m
2026.04.06 11:23:36 INFO  no build target found for /home/gustav/Documents/kurser/utvûÊrdering_datasystem/projekt/UAPS-Projekt/MergeSortArrayList.java. Using fallback presentation compiler.[0m
2026.04.06 11:23:36 WARN  no build target for: /home/gustav/Documents/kurser/utvûÊrdering_datasystem/projekt/UAPS-Projekt/MergeSortArrayList.java[0m
2026.04.06 11:23:36 INFO  no build target found for /home/gustav/Documents/kurser/utvûÊrdering_datasystem/projekt/UAPS-Projekt/MergeSortArrayList.java. Using fallback presentation compiler.[0m
2026.04.06 11:23:39 WARN  no build target for: /home/gustav/Documents/kurser/utvûÊrdering_datasystem/projekt/UAPS-Projekt/test.java[0m
2026.04.06 11:23:39 INFO  no build target found for /home/gustav/Documents/kurser/utvûÊrdering_datasystem/projekt/UAPS-Projekt/test.java. Using fallback presentation compiler.[0m
2026.04.06 11:23:39 WARN  Running javac-semanticdb failed for file:///home/gustav/Documents/kurser/utv%C3%A4rdering_datasystem/projekt/UAPS-Projekt/test.java. Output:
[0m
2026.04.06 11:23:39 INFO  no build target found for /home/gustav/Documents/kurser/utvûÊrdering_datasystem/projekt/UAPS-Projekt/test.java. Using fallback presentation compiler.[0m
2026.04.06 11:23:39 INFO  no build target found for /home/gustav/Documents/kurser/utvûÊrdering_datasystem/projekt/UAPS-Projekt/test.java. Using fallback presentation compiler.[0m
2026.04.06 11:23:39 INFO  no build target found for /home/gustav/Documents/kurser/utvûÊrdering_datasystem/projekt/UAPS-Projekt/test.java. Using fallback presentation compiler.[0m
2026.04.06 11:23:39 INFO  no build target found for /home/gustav/Documents/kurser/utvûÊrdering_datasystem/projekt/UAPS-Projekt/test.java. Using fallback presentation compiler.[0m
2026.04.06 11:23:41 INFO  no build target found for /home/gustav/Documents/kurser/utvûÊrdering_datasystem/projekt/UAPS-Projekt/MergeSortArrayList.java. Using fallback presentation compiler.[0m
2026.04.06 11:23:42 WARN  no build target for: /home/gustav/Documents/kurser/utvûÊrdering_datasystem/projekt/UAPS-Projekt/MergeSortArrayList.java[0m
2026.04.06 11:23:42 INFO  no build target found for /home/gustav/Documents/kurser/utvûÊrdering_datasystem/projekt/UAPS-Projekt/MergeSortArrayList.java. Using fallback presentation compiler.[0m
2026.04.06 11:23:45 INFO  no build target found for /home/gustav/Documents/kurser/utvûÊrdering_datasystem/projekt/UAPS-Projekt/MergeSortArrayList.java. Using fallback presentation compiler.[0m
2026.04.06 11:23:45 WARN  no build target for: /home/gustav/Documents/kurser/utvûÊrdering_datasystem/projekt/UAPS-Projekt/MergeSortArrayList.java[0m
2026.04.06 11:23:45 INFO  no build target found for /home/gustav/Documents/kurser/utvûÊrdering_datasystem/projekt/UAPS-Projekt/MergeSortArrayList.java. Using fallback presentation compiler.[0m
2026.04.06 11:23:45 INFO  no build target found for /home/gustav/Documents/kurser/utvûÊrdering_datasystem/projekt/UAPS-Projekt/MergeSortArrayList.java. Using fallback presentation compiler.[0m
2026.04.06 11:36:16 INFO  no build target found for /home/gustav/Documents/kurser/utvûÊrdering_datasystem/projekt/UAPS-Projekt/MergeSortArrayList.java. Using fallback presentation compiler.[0m
2026.04.06 11:36:20 INFO  no build target found for /home/gustav/Documents/kurser/utvûÊrdering_datasystem/projekt/UAPS-Projekt/MergeSortArrayList.java. Using fallback presentation compiler.[0m
2026.04.06 11:36:20 WARN  no build target for: /home/gustav/Documents/kurser/utvûÊrdering_datasystem/projekt/UAPS-Projekt/MergeSortArrayList.java[0m
2026.04.06 11:36:20 INFO  no build target found for /home/gustav/Documents/kurser/utvûÊrdering_datasystem/projekt/UAPS-Projekt/MergeSortArrayList.java. Using fallback presentation compiler.[0m
2026.04.06 11:36:22 INFO  no build target found for /home/gustav/Documents/kurser/utvûÊrdering_datasystem/projekt/UAPS-Projekt/MergeSortArrayList.java. Using fallback presentation compiler.[0m
2026.04.06 11:36:22 INFO  no build target found for /home/gustav/Documents/kurser/utvûÊrdering_datasystem/projekt/UAPS-Projekt/MergeSortArrayList.java. Using fallback presentation compiler.[0m
2026.04.06 11:36:23 INFO  no build target found for /home/gustav/Documents/kurser/utvûÊrdering_datasystem/projekt/UAPS-Projekt/MergeSortArrayList.java. Using fallback presentation compiler.[0m
2026.04.06 11:36:23 INFO  no build target found for /home/gustav/Documents/kurser/utvûÊrdering_datasystem/projekt/UAPS-Projekt/MergeSortArrayList.java. Using fallback presentation compiler.[0m
2026.04.06 11:36:40 INFO  no build target found for /home/gustav/Documents/kurser/utvûÊrdering_datasystem/projekt/UAPS-Projekt/MergeSortArrayList.java. Using fallback presentation compiler.[0m
2026.04.06 11:36:59 INFO  no build target found for /home/gustav/Documents/kurser/utvûÊrdering_datasystem/projekt/UAPS-Projekt/MergeSortArrayList.java. Using fallback presentation compiler.[0m
2026.04.06 11:37:03 INFO  no build target found for /home/gustav/Documents/kurser/utvûÊrdering_datasystem/projekt/UAPS-Projekt/MatrixMath.java. Using fallback presentation compiler.[0m
2026.04.06 11:37:03 WARN  no build target for: /home/gustav/Documents/kurser/utvûÊrdering_datasystem/projekt/UAPS-Projekt/MatrixMath.java[0m
2026.04.06 11:37:03 INFO  no build target found for /home/gustav/Documents/kurser/utvûÊrdering_datasystem/projekt/UAPS-Projekt/MergeSortArrayList.java. Using fallback presentation compiler.[0m
2026.04.06 11:37:03 WARN  no build target for: /home/gustav/Documents/kurser/utvûÊrdering_datasystem/projekt/UAPS-Projekt/MatrixMath.java[0m
2026.04.06 11:37:03 INFO  no build target found for /home/gustav/Documents/kurser/utvûÊrdering_datasystem/projekt/UAPS-Projekt/test.java. Using fallback presentation compiler.[0m
2026.04.06 11:37:03 INFO  no build target found for /home/gustav/Documents/kurser/utvûÊrdering_datasystem/projekt/UAPS-Projekt/MatrixMath.java. Using fallback presentation compiler.[0m
Apr 06, 2026 11:37:03 AM org.eclipse.lsp4j.jsonrpc.RemoteEndpoint handleCancellation
WARNING: Unmatched cancel notification for request id 88
2026.04.06 11:37:03 INFO  no build target found for /home/gustav/Documents/kurser/utvûÊrdering_datasystem/projekt/UAPS-Projekt/MatrixMath.java. Using fallback presentation compiler.[0m
2026.04.06 11:37:09 INFO  no build target found for /home/gustav/Documents/kurser/utvûÊrdering_datasystem/projekt/UAPS-Projekt/MatrixMath.java. Using fallback presentation compiler.[0m
2026.04.06 11:37:09 INFO  no build target found for /home/gustav/Documents/kurser/utvûÊrdering_datasystem/projekt/UAPS-Projekt/MatrixMath.java. Using fallback presentation compiler.[0m
2026.04.06 11:37:09 INFO  no build target found for /home/gustav/Documents/kurser/utvûÊrdering_datasystem/projekt/UAPS-Projekt/MatrixMath.java. Using fallback presentation compiler.[0m
2026.04.06 11:37:09 INFO  no build target found for /home/gustav/Documents/kurser/utvûÊrdering_datasystem/projekt/UAPS-Projekt/MatrixMath.java. Using fallback presentation compiler.[0m
2026.04.06 11:37:09 INFO  no build target found for /home/gustav/Documents/kurser/utvûÊrdering_datasystem/projekt/UAPS-Projekt/MatrixMath.java. Using fallback presentation compiler.[0m
2026.04.06 11:37:09 INFO  no build target found for /home/gustav/Documents/kurser/utvûÊrdering_datasystem/projekt/UAPS-Projekt/MatrixMath.java. Using fallback presentation compiler.[0m
2026.04.06 11:37:11 WARN  no build target for: /home/gustav/Documents/kurser/utvûÊrdering_datasystem/projekt/UAPS-Projekt/MatrixMath.java[0m
2026.04.06 11:37:11 INFO  no build target found for /home/gustav/Documents/kurser/utvûÊrdering_datasystem/projekt/UAPS-Projekt/MatrixMath.java. Using fallback presentation compiler.[0m
2026.04.06 11:37:24 INFO  no build target found for /home/gustav/Documents/kurser/utvûÊrdering_datasystem/projekt/UAPS-Projekt/MatrixMath.java. Using fallback presentation compiler.[0m
2026.04.06 11:37:59 INFO  no build target found for /home/gustav/Documents/kurser/utvûÊrdering_datasystem/projekt/UAPS-Projekt/MatrixMath.java. Using fallback presentation compiler.[0m
2026.04.06 11:37:59 WARN  no build target for: /home/gustav/Documents/kurser/utvûÊrdering_datasystem/projekt/UAPS-Projekt/MatrixMath.java[0m
2026.04.06 11:37:59 INFO  no build target found for /home/gustav/Documents/kurser/utvûÊrdering_datasystem/projekt/UAPS-Projekt/MatrixMath.java. Using fallback presentation compiler.[0m
2026.04.06 11:37:59 INFO  no build target found for /home/gustav/Documents/kurser/utvûÊrdering_datasystem/projekt/UAPS-Projekt/MatrixMath.java. Using fallback presentation compiler.[0m
Apr 06, 2026 11:37:59 AM org.eclipse.lsp4j.jsonrpc.RemoteEndpoint handleCancellation
WARNING: Unmatched cancel notification for request id 112
2026.04.06 11:37:59 INFO  no build target found for /home/gustav/Documents/kurser/utvûÊrdering_datasystem/projekt/UAPS-Projekt/MatrixMath.java. Using fallback presentation compiler.[0m
2026.04.06 11:40:44 INFO  no build target found for /home/gustav/Documents/kurser/utvûÊrdering_datasystem/projekt/UAPS-Projekt/MatrixMath.java. Using fallback presentation compiler.[0m
2026.04.06 11:40:44 WARN  no build target for: /home/gustav/Documents/kurser/utvûÊrdering_datasystem/projekt/UAPS-Projekt/MatrixMath.java[0m
2026.04.06 11:40:44 INFO  no build target found for /home/gustav/Documents/kurser/utvûÊrdering_datasystem/projekt/UAPS-Projekt/MatrixMath.java. Using fallback presentation compiler.[0m
2026.04.06 11:40:45 INFO  no build target found for /home/gustav/Documents/kurser/utvûÊrdering_datasystem/projekt/UAPS-Projekt/MatrixMath.java. Using fallback presentation compiler.[0m
2026.04.06 11:40:44 INFO  no build target found for /home/gustav/Documents/kurser/utvûÊrdering_datasystem/projekt/UAPS-Projekt/MatrixMath.java. Using fallback presentation compiler.[0m
2026.04.06 11:40:51 INFO  no build target found for /home/gustav/Documents/kurser/utvûÊrdering_datasystem/projekt/UAPS-Projekt/MergeSortArrayList.java. Using fallback presentation compiler.[0m
2026.04.06 11:40:51 WARN  no build target for: /home/gustav/Documents/kurser/utvûÊrdering_datasystem/projekt/UAPS-Projekt/MergeSortArrayList.java[0m
2026.04.06 11:40:51 INFO  no build target found for /home/gustav/Documents/kurser/utvûÊrdering_datasystem/projekt/UAPS-Projekt/MergeSortArrayList.java. Using fallback presentation compiler.[0m
Apr 06, 2026 11:40:54 AM org.eclipse.lsp4j.jsonrpc.services.GenericEndpoint notify
INFO: Unsupported notification method: $/setTrace
